<?xml version="1.0" encoding="UTF-8"?>
<!-- Generated by org.testng.reporters.JUnitReportReporter -->
<testsuite hostname="LAPTOP-SUNEA0D4" failures="0" tests="1" name="testpackage.NewTest" time="25.266" errors="0" timestamp="04 Jun 2019 05:57:34 GMT" skipped="0">
  <testcase classname="testpackage.NewTest" name="BasicTestCase" time="25.266"/>
</testsuite> <!-- testpackage.NewTest -->
